<?xml version="1.0" encoding="UTF-8"?>
<!-- Generated by org.testng.reporters.JUnitXMLReporter -->
<testsuite ignored="3" hostname="Naveen" failures="0" tests="1" name="Default test" time="8.67" errors="0" timestamp="2023-05-24T23:44:10 IST">
  <testcase classname="com.testninjalabs.qa.testcases.Register" name="verifyRegisteringAnAccountWithManadatoryFields" time="1.683"/>
  <testcase classname="com.testninjalabs.qa.testcases.Register" name="verifyRegisteringWithoutAnyFields" time="0.0">
    <ignored/>
  </testcase> <!-- verifyRegisteringWithoutAnyFields -->
  <testcase classname="com.testninjalabs.qa.testcases.Register" name="verifyRegisteringWithAllFields" time="0.0">
    <ignored/>
  </testcase> <!-- verifyRegisteringWithAllFields -->
  <testcase classname="com.testninjalabs.qa.testcases.Register" name="verifyRegisteringAccountWithExistingEmailAddress" time="0.0">
    <ignored/>
  </testcase> <!-- verifyRegisteringAccountWithExistingEmailAddress -->
</testsuite> <!-- Default test -->
