<?xml version="1.0" encoding="UTF-8"?>
<!-- Generated by org.testng.reporters.JUnitXMLReporter -->
<testsuite ignored="1" hostname="Naveen" failures="0" tests="1" name="Default test" time="4.88" errors="0" timestamp="2023-04-13T22:17:04 IST">
  <testcase classname="com.testninjalabs.qa.testcases.Search" name="searchWithValidProduct" time="0.558"/>
  <testcase classname="com.testninjalabs.qa.testcases.Search" name="searchWithInValidProduct" time="0.0">
    <ignored/>
  </testcase> <!-- searchWithInValidProduct -->
</testsuite> <!-- Default test -->
