<?xml version="1.0" encoding="UTF-8"?>
<testng-results ignored="3" total="4" passed="1" failed="0" skipped="0">
  <reporter-output>
  </reporter-output>
  <suite started-at="2023-05-24T23:44:02 IST" name="Default suite" finished-at="2023-05-24T23:44:10 IST" duration-ms="8670">
    <groups>
    </groups>
    <test started-at="2023-05-24T23:44:02 IST" name="Default test" finished-at="2023-05-24T23:44:10 IST" duration-ms="8670">
      <class name="com.testninjalabs.qa.testcases.Register">
        <test-method is-config="true" signature="setup()[pri:0, instance:com.testninjalabs.qa.testcases.Register@67c33749]" started-at="2023-05-24T23:44:02 IST" name="setup" finished-at="2023-05-24T23:44:09 IST" duration-ms="6958" status="PASS">
          <reporter-output>
          </reporter-output>
        </test-method> <!-- setup -->
        <test-method signature="verifyRegisteringAnAccountWithManadatoryFields()[pri:1, instance:com.testninjalabs.qa.testcases.Register@67c33749]" started-at="2023-05-24T23:44:09 IST" name="verifyRegisteringAnAccountWithManadatoryFields" finished-at="2023-05-24T23:44:10 IST" duration-ms="1683" status="PASS">
          <reporter-output>
          </reporter-output>
        </test-method> <!-- verifyRegisteringAnAccountWithManadatoryFields -->
      </class> <!-- com.testninjalabs.qa.testcases.Register -->
    </test> <!-- Default test -->
  </suite> <!-- Default suite -->
</testng-results>
