<?xml version="1.0" encoding="UTF-8"?>
<testng-results ignored="0" total="2" passed="2" failed="0" skipped="0">
  <reporter-output>
  </reporter-output>
  <suite started-at="2023-03-28T23:30:13 IST" name="Default suite" finished-at="2023-03-28T23:30:23 IST" duration-ms="10170">
    <groups>
    </groups>
    <test started-at="2023-03-28T23:30:13 IST" name="Default test" finished-at="2023-03-28T23:30:23 IST" duration-ms="10170">
      <class name="com.testninjalabs.qa.testcases.Login">
        <test-method signature="verifyLoginWithValidCreds()[pri:1, instance:com.testninjalabs.qa.testcases.Login@14555e0a]" started-at="2023-03-28T23:30:13 IST" name="verifyLoginWithValidCreds" finished-at="2023-03-28T23:30:19 IST" duration-ms="6420" status="PASS">
          <reporter-output>
          </reporter-output>
        </test-method> <!-- verifyLoginWithValidCreds -->
        <test-method signature="verifyLoginWithInvalidCreds()[pri:2, instance:com.testninjalabs.qa.testcases.Login@14555e0a]" started-at="2023-03-28T23:30:19 IST" name="verifyLoginWithInvalidCreds" finished-at="2023-03-28T23:30:23 IST" duration-ms="3703" status="PASS">
          <reporter-output>
          </reporter-output>
        </test-method> <!-- verifyLoginWithInvalidCreds -->
      </class> <!-- com.testninjalabs.qa.testcases.Login -->
    </test> <!-- Default test -->
  </suite> <!-- Default suite -->
</testng-results>
